<?xml version="1.0" encoding="UTF-8"?>
<testsuite xmlns:xsi="http://www.w3.org/2001/XMLSchema-instance" xsi:noNamespaceSchemaLocation="https://maven.apache.org/surefire/maven-surefire-plugin/xsd/surefire-test-report-3.0.xsd" version="3.0" name="com.example.aos35webapp002.DemoApplicationTests" time="2.811" tests="1" errors="0" skipped="0" failures="0">
  <properties>
[...]
</properties>
  <testcase name="contextLoads" classname="com.example.aos35webapp002.DemoApplicationTests" time="0.968">
    <system-out><![CDATA[19:50:01.096 [main] INFO org.springframework.test.context.support.AnnotationConfigContextLoaderUtils -- Could not detect default configuration classes for test class [com.example.aos35webapp002.DemoApplicationTests]: DemoApplicationTests does not declare any static, non-private, non-final, nested classes annotated with @Configuration.
19:50:01.217 [main] INFO org.springframework.boot.test.context.SpringBootTestContextBootstrapper -- Found @SpringBootConfiguration com.example.aos35webapp002.DemoApplication for test class com.example.aos35webapp002.DemoApplicationTests

  .   ____          _            __ _ _
 /\\ / ___'_ __ _ _(_)_ __  __ _ \ \ \ \
( ( )\___ | '_ | '_| | '_ \/ _` | \ \ \ \
 \\/  ___)| |_)| | | | | || (_| |  ) ) ) )
  '  |____| .__|_| |_|_| |_\__, | / / / /
 =========|_|==============|___/=/_/_/_/
 :: Spring Boot ::                (v3.1.5)

2023-11-28T19:50:01.620-03:00  INFO 18776 --- [           main] c.e.aos35webapp002.DemoApplicationTests  : Starting DemoApplicationTests using Java 17.0.1 with PID 18776 (started by masb_k13zsnr in D:\code\aos-2023-2-36\aos-35-web-app-002)
2023-11-28T19:50:01.622-03:00  INFO 18776 --- [           main] c.e.aos35webapp002.DemoApplicationTests  : No active profile set, falling back to 1 default profile: "default"
2023-11-28T19:50:02.596-03:00  INFO 18776 --- [           main] o.s.b.a.w.s.WelcomePageHandlerMapping    : Adding welcome page: class path resource [static/index.html]
2023-11-28T19:50:02.745-03:00  INFO 18776 --- [           main] c.e.aos35webapp002.DemoApplicationTests  : Started DemoApplicationTests in 1.378 seconds (process running for 2.408)
]]></system-out>
  </testcase>
</testsuite>